# JRE version: Java(TM) SE Runtime Environment (8.0_221-b11) (build 1.8.0_221-b11)
# Java VM: Java HotSpot(TM) 64-Bit Server VM (25.221-b11 mixed mode windows-amd64 compressed oops)
Heap:
 PSYoungGen      total 63488K, used 42058K [0x000000076bd80000, 0x0000000772380000, 0x00000007c0000000)
  eden space 32256K, 41% used [0x000000076bd80000,0x000000076ca6e890,0x000000076dd00000)
  from space 31232K, 92% used [0x000000076fe80000,0x0000000771aa4020,0x0000000771d00000)
  to   space 34304K, 0% used [0x000000076dd00000,0x000000076dd00000,0x000000076fe80000)
 ParOldGen       total 241152K, used 212683K [0x00000006c3800000, 0x00000006d2380000, 0x000000076bd80000)
  object space 241152K, 88% used [0x00000006c3800000,0x00000006d07b2f30,0x00000006d2380000)
 Metaspace       used 105985K, capacity 111454K, committed 111512K, reserved 1146880K
  class space    used 13189K, capacity 14244K, committed 14248K, reserved 1048576K
GC Heap History (10 events):
Event: 62222.103 GC heap before
{Heap before GC invocations=10183 (full 5):
 PSYoungGen      total 54272K, used 54256K [0x000000076bd80000, 0x0000000770400000, 0x00000007c0000000)
  eden space 38400K, 100% used [0x000000076bd80000,0x000000076e300000,0x000000076e300000)
  from space 15872K, 99% used [0x000000076e300000,0x000000076f27c070,0x000000076f280000)
  to   space 16896K, 0% used [0x000000076f380000,0x000000076f380000,0x0000000770400000)
 ParOldGen       total 241152K, used 196891K [0x00000006c3800000, 0x00000006d2380000, 0x000000076bd80000)
  object space 241152K, 81% used [0x00000006c3800000,0x00000006cf846e00,0x00000006d2380000)
 Metaspace       used 105984K, capacity 111448K, committed 111512K, reserved 1146880K
  class space    used 13189K, capacity 14242K, committed 14248K, reserved 1048576K
Event: 62222.110 GC heap after
Heap after GC invocations=10183 (full 5):
 PSYoungGen      total 53248K, used 16880K [0x000000076bd80000, 0x0000000770800000, 0x00000007c0000000)
  eden space 36352K, 0% used [0x000000076bd80000,0x000000076bd80000,0x000000076e100000)
  from space 16896K, 99% used [0x000000076f380000,0x00000007703fc070,0x0000000770400000)
  to   space 18944K, 0% used [0x000000076e100000,0x000000076e100000,0x000000076f380000)
 ParOldGen       total 241152K, used 199243K [0x00000006c3800000, 0x00000006d2380000, 0x000000076bd80000)
  object space 241152K, 82% used [0x00000006c3800000,0x00000006cfa92e00,0x00000006d2380000)
 Metaspace       used 105984K, capacity 111448K, committed 111512K, reserved 1146880K
  class space    used 13189K, capacity 14242K, committed 14248K, reserved 1048576K
}
Event: 62223.096 GC heap before
{Heap before GC invocations=10184 (full 5):
 PSYoungGen      total 53248K, used 53232K [0x000000076bd80000, 0x0000000770800000, 0x00000007c0000000)
  eden space 36352K, 100% used [0x000000076bd80000,0x000000076e100000,0x000000076e100000)
  from space 16896K, 99% used [0x000000076f380000,0x00000007703fc070,0x0000000770400000)
  to   space 18944K, 0% used [0x000000076e100000,0x000000076e100000,0x000000076f380000)
 ParOldGen       total 241152K, used 199243K [0x00000006c3800000, 0x00000006d2380000, 0x000000076bd80000)
  object space 241152K, 82% used [0x00000006c3800000,0x00000006cfa92e00,0x00000006d2380000)
 Metaspace       used 105984K, capacity 111448K, committed 111512K, reserved 1146880K
  class space    used 13189K, capacity 14242K, committed 14248K, reserved 1048576K
Event: 62223.105 GC heap after
Heap after GC invocations=10184 (full 5):
 PSYoungGen      total 55296K, used 18912K [0x000000076bd80000, 0x0000000771000000, 0x00000007c0000000)
  eden space 36352K, 0% used [0x000000076bd80000,0x000000076bd80000,0x000000076e100000)
  from space 18944K, 99% used [0x000000076e100000,0x000000076f3780b0,0x000000076f380000)
  to   space 24064K, 0% used [0x000000076f880000,0x000000076f880000,0x0000000771000000)
 ParOldGen       total 241152K, used 207715K [0x00000006c3800000, 0x00000006d2380000, 0x000000076bd80000)
  object space 241152K, 86% used [0x00000006c3800000,0x00000006d02d8e30,0x00000006d2380000)
 Metaspace       used 105984K, capacity 111448K, committed 111512K, reserved 1146880K
  class space    used 13189K, capacity 14242K, committed 14248K, reserved 1048576K
}
Event: 62224.173 GC heap before
{Heap before GC invocations=10185 (full 5):
 PSYoungGen      total 55296K, used 55264K [0x000000076bd80000, 0x0000000771000000, 0x00000007c0000000)
  eden space 36352K, 100% used [0x000000076bd80000,0x000000076e100000,0x000000076e100000)
  from space 18944K, 99% used [0x000000076e100000,0x000000076f3780b0,0x000000076f380000)
  to   space 24064K, 0% used [0x000000076f880000,0x000000076f880000,0x0000000771000000)
 ParOldGen       total 241152K, used 207715K [0x00000006c3800000, 0x00000006d2380000, 0x000000076bd80000)
  object space 241152K, 86% used [0x00000006c3800000,0x00000006d02d8e30,0x00000006d2380000)
 Metaspace       used 105984K, capacity 111448K, committed 111512K, reserved 1146880K
  class space    used 13189K, capacity 14242K, committed 14248K, reserved 1048576K
Event: 62224.184 GC heap after
Heap after GC invocations=10185 (full 5):
 PSYoungGen      total 56320K, used 24064K [0x000000076bd80000, 0x0000000771800000, 0x00000007c0000000)
  eden space 32256K, 0% used [0x000000076bd80000,0x000000076bd80000,0x000000076dd00000)
  from space 24064K, 100% used [0x000000076f880000,0x0000000771000000,0x0000000771000000)
  to   space 28160K, 0% used [0x000000076dd00000,0x000000076dd00000,0x000000076f880000)
 ParOldGen       total 241152K, used 212683K [0x00000006c3800000, 0x00000006d2380000, 0x000000076bd80000)
  object space 241152K, 88% used [0x00000006c3800000,0x00000006d07b2f30,0x00000006d2380000)
 Metaspace       used 105984K, capacity 111448K, committed 111512K, reserved 1146880K
  class space    used 13189K, capacity 14242K, committed 14248K, reserved 1048576K
}
Event: 62224.489 GC heap before
{Heap before GC invocations=10186 (full 5):
 PSYoungGen      total 56320K, used 56320K [0x000000076bd80000, 0x0000000771800000, 0x00000007c0000000)
  eden space 32256K, 100% used [0x000000076bd80000,0x000000076dd00000,0x000000076dd00000)
  from space 24064K, 100% used [0x000000076f880000,0x0000000771000000,0x0000000771000000)
  to   space 28160K, 0% used [0x000000076dd00000,0x000000076dd00000,0x000000076f880000)
 ParOldGen       total 241152K, used 212683K [0x00000006c3800000, 0x00000006d2380000, 0x000000076bd80000)
  object space 241152K, 88% used [0x00000006c3800000,0x00000006d07b2f30,0x00000006d2380000)
 Metaspace       used 105984K, capacity 111448K, committed 111512K, reserved 1146880K
  class space    used 13189K, capacity 14242K, committed 14248K, reserved 1048576K
Event: 62224.499 GC heap after
Heap after GC invocations=10186 (full 5):
 PSYoungGen      total 60416K, used 26768K [0x000000076bd80000, 0x0000000771d00000, 0x00000007c0000000)
  eden space 32256K, 0% used [0x000000076bd80000,0x000000076bd80000,0x000000076dd00000)
  from space 28160K, 95% used [0x000000076dd00000,0x000000076f724020,0x000000076f880000)
  to   space 31232K, 0% used [0x000000076fe80000,0x000000076fe80000,0x0000000771d00000)
 ParOldGen       total 241152K, used 212683K [0x00000006c3800000, 0x00000006d2380000, 0x000000076bd80000)
  object space 241152K, 88% used [0x00000006c3800000,0x00000006d07b2f30,0x00000006d2380000)
 Metaspace       used 105984K, capacity 111448K, committed 111512K, reserved 1146880K
  class space    used 13189K, capacity 14242K, committed 14248K, reserved 1048576K
}
Event: 62224.765 GC heap before
{Heap before GC invocations=10187 (full 5):
 PSYoungGen      total 60416K, used 59024K [0x000000076bd80000, 0x0000000771d00000, 0x00000007c0000000)
  eden space 32256K, 100% used [0x000000076bd80000,0x000000076dd00000,0x000000076dd00000)
  from space 28160K, 95% used [0x000000076dd00000,0x000000076f724020,0x000000076f880000)
  to   space 31232K, 0% used [0x000000076fe80000,0x000000076fe80000,0x0000000771d00000)
 ParOldGen       total 241152K, used 212683K [0x00000006c3800000, 0x00000006d2380000, 0x000000076bd80000)
  object space 241152K, 88% used [0x00000006c3800000,0x00000006d07b2f30,0x00000006d2380000)
 Metaspace       used 105984K, capacity 111448K, committed 111512K, reserved 1146880K
  class space    used 13189K, capacity 14242K, committed 14248K, reserved 1048576K
Event: 62224.774 GC heap after
Heap after GC invocations=10187 (full 5):
 PSYoungGen      total 63488K, used 28816K [0x000000076bd80000, 0x0000000772380000, 0x00000007c0000000)
  eden space 32256K, 0% used [0x000000076bd80000,0x000000076bd80000,0x000000076dd00000)
  from space 31232K, 92% used [0x000000076fe80000,0x0000000771aa4020,0x0000000771d00000)
  to   space 34304K, 0% used [0x000000076dd00000,0x000000076dd00000,0x000000076fe80000)
 ParOldGen       total 241152K, used 212683K [0x00000006c3800000, 0x00000006d2380000, 0x000000076bd80000)
  object space 241152K, 88% used [0x00000006c3800000,0x00000006d07b2f30,0x00000006d2380000)
 Metaspace       used 105984K, capacity 111448K, committed 111512K, reserved 1146880K
  class space    used 13189K, capacity 14242K, committed 14248K, reserved 1048576K
}

